[2024-03-06 18:24:55] Error durante la simulaci贸n.
[2024-03-08 23:13:42] Error durante la simulaci贸n.
[2024-03-09 00:21:40] Error durante la simulaci贸n.
[2024-03-09 00:31:59] Error durante la simulaci贸n.
[2024-03-09 18:50:12] Error durante la simulaci贸n.
[2024-03-09 18:53:15] Error durante la creaci贸n de las tablas de la base de datos.
[2024-03-09 18:53:16] Error durante la insercion de datos en la base de datos.
[2024-03-09 18:58:44] Error durante la simulaci贸n.
[2024-03-11 16:06:23] Error durante la simulaci贸n.
[2024-03-11 16:07:03] Error durante la simulaci贸n.
[2024-03-14 13:51:27] Error durante la simulaci贸n.
[2024-03-14 18:58:57] Error durante la simulaci贸n.
[2024-03-14 19:00:44] Error durante la simulaci贸n.
[2024-03-14 19:01:04] Error durante la simulaci贸n.
[2024-03-14 20:28:56] Error durante la simulaci贸n.
[2024-03-14 21:42:09] Error durante la insercion de datos en la base de datos.
[2024-03-14 21:42:09] Error durante la insercion de datos en la base de datos.
[2024-03-14 21:44:36] Error durante la insercion de datos en la base de datos.
[2024-03-14 21:44:36] Error durante la insercion de datos en la base de datos.
[2024-03-14 21:45:16] Error durante la insercion de datos en la base de datos.
[2024-03-14 21:45:16] Error durante la insercion de datos en la base de datos.
[2024-03-14 21:48:56] Error durante la insercion de datos en la base de datos.
[2024-03-14 21:48:57] Error durante la insercion de datos en la base de datos.
[2024-03-14 21:54:13] Error durante la insercion de datos en la base de datos.
[2024-03-14 21:57:31] Error durante la insercion de datos en la base de datos.
[2024-03-14 21:58:33] Error durante la insercion de datos en la base de datos.
[2024-03-14 21:59:06] Error durante la insercion de datos en la base de datos.
[2024-03-15 16:38:28] Error durante la inserci贸n de datos en la base de datos.
[2024-03-15 16:38:28] Error durante la inserci贸n de datos en la base de datos.
[2024-03-15 20:55:52] Error durante la ejecuci贸n de la consulta.
[2024-03-15 20:55:52] Error durante la simulaci贸n.
[2024-03-15 20:56:49] Error durante la generaci贸n del pedido.
[2024-03-15 20:56:49] Error durante la simulaci贸n.
[2024-03-15 21:32:33] Error durante la simulaci贸n.
[2024-03-16 00:12:11] Error durante la ejecuci贸n de la consulta.
[2024-03-16 00:14:44] Error durante la ejecuci贸n de la consulta.
[2024-03-17 00:45:25] Error durante la simulaci贸n.
[2024-03-17 01:03:22] Error durante la simulaci贸n.
[2024-03-17 12:31:59] Error durante la simulaci贸n.
[2024-03-17 12:45:55] Error al verificar si el pedido est谩 completo.
[2024-03-17 17:41:09] Error durante la ejecuci贸n de la consulta.
[2024-03-17 17:42:42] Error durante la ejecuci贸n de la consulta.
[2024-03-17 17:43:46] Error durante la ejecuci贸n de la consulta.
[2024-03-17 17:46:24] Error durante la ejecuci贸n de la consulta.
[2024-03-17 18:25:05] Error durante la generaci贸n del pedido.
[2024-03-18 16:02:31] Error durante la simulacin.
[2024-03-18 16:03:18] Error durante la simulacin.
[2024-03-18 16:04:06] Error durante la simulacin.
[2024-03-18 16:05:02] Error durante la simulacin.
[2024-03-18 16:09:05] Error durante la simulacin.
[2024-03-18 16:09:50] Error durante la simulacin.
[2024-03-18 16:11:41] Error durante la simulaci贸n.
[2024-03-18 16:14:23] Error durante la simulacin.
[2024-03-18 16:16:20] Error durante la simulacin.
[2024-10-08 10:20:37] Error al conectarse con la base de datos.
[2024-10-08 10:20:37] Error durante la simulaci贸n.
[2024-10-08 10:20:37] Error al conectarse con la base de datos.
