[2024-03-14 20:30:43] Sistema cargado
[2024-03-14 20:30:43] Inicio de la simulaci칩n partida.
[2024-03-14 20:30:43] Piscifactor칤a inicial: null.
[2024-03-14 20:30:43] Sistema guardado.
[2024-03-14 20:30:45] Cierre de la partida.
[2024-03-14 20:30:45] Sistema guardado.
[2024-03-14 20:37:54] Sistema cargado
[2024-03-14 20:37:54] Inicio de la simulaci칩n partida.
[2024-03-14 20:37:54] Piscifactor칤a inicial: null.
[2024-03-14 20:37:54] Sistema guardado.
[2024-03-14 20:37:57] Cierre de la partida.
[2024-03-14 20:37:57] Sistema guardado.
[2024-03-14 20:38:41] Sistema cargado
[2024-03-14 20:38:41] Inicio de la simulaci칩n partida.
[2024-03-14 20:38:41] Piscifactor칤a inicial: pisc1.
[2024-03-14 20:38:41] Sistema guardado.
[2024-03-14 20:38:44] Cierre de la partida.
[2024-03-14 20:38:44] Sistema guardado.
[2024-03-14 21:42:09] Sistema cargado
[2024-03-14 21:42:09] Inicio de la simulaci칩n partida.
[2024-03-14 21:42:09] Piscifactor칤a inicial: pisc1.
[2024-03-14 21:42:09] Sistema guardado.
[2024-03-14 21:44:36] Sistema cargado
[2024-03-14 21:44:36] Inicio de la simulaci칩n partida.
[2024-03-14 21:44:36] Piscifactor칤a inicial: pisc1.
[2024-03-14 21:44:36] Sistema guardado.
[2024-03-14 21:45:16] Sistema cargado
[2024-03-14 21:45:16] Inicio de la simulaci칩n partida.
[2024-03-14 21:45:16] Piscifactor칤a inicial: pisc1.
[2024-03-14 21:45:16] Sistema guardado.
[2024-03-14 21:48:56] Sistema cargado
[2024-03-14 21:48:57] Inicio de la simulaci칩n partida.
[2024-03-14 21:48:57] Piscifactor칤a inicial: pisc1.
[2024-03-14 21:48:57] Sistema guardado.
[2024-03-14 21:54:12] Sistema cargado
[2024-03-14 21:54:13] Inicio de la simulaci칩n partida.
[2024-03-14 21:54:13] Piscifactor칤a inicial: pisc1.
[2024-03-14 21:54:13] Sistema guardado.
[2024-03-14 21:57:30] Sistema cargado
[2024-03-14 21:57:31] Inicio de la simulaci칩n partida.
[2024-03-14 21:57:31] Piscifactor칤a inicial: pisc1.
[2024-03-14 21:57:31] Sistema guardado.
[2024-03-14 21:58:11] Sistema cargado
[2024-03-14 21:58:11] Inicio de la simulaci칩n partida.
[2024-03-14 21:58:11] Piscifactor칤a inicial: pisc1.
[2024-03-14 21:58:11] Sistema guardado.
[2024-03-14 21:58:33] Sistema cargado
[2024-03-14 21:58:33] Inicio de la simulaci칩n partida.
[2024-03-14 21:58:33] Piscifactor칤a inicial: pisc1.
[2024-03-14 21:58:33] Sistema guardado.
[2024-03-14 21:59:06] Sistema cargado
[2024-03-14 21:59:06] Inicio de la simulaci칩n partida.
[2024-03-14 21:59:06] Piscifactor칤a inicial: pisc1.
[2024-03-14 21:59:06] Sistema guardado.
[2024-03-14 21:59:11] Cierre de la partida.
[2024-03-14 21:59:11] Sistema guardado.
[2024-03-15 16:38:27] Sistema cargado
[2024-03-15 16:38:28] Inicio de la simulaci칩n partida.
[2024-03-15 16:38:28] Piscifactor칤a inicial: pisc1.
[2024-03-15 16:38:28] Sistema guardado.
[2024-03-15 16:42:12] Sistema cargado
[2024-03-15 16:42:13] Inicio de la simulaci칩n partida.
[2024-03-15 16:42:13] Piscifactor칤a inicial: pisc1.
[2024-03-15 16:42:13] Sistema guardado.
[2024-03-15 16:42:37] Cierre de la partida.
[2024-03-15 16:42:37] Sistema guardado.
[2024-03-15 17:11:20] Sistema cargado
[2024-03-15 17:11:21] Inicio de la simulaci칩n partida.
[2024-03-15 17:11:21] Piscifactor칤a inicial: pisc1.
[2024-03-15 17:11:21] Sistema guardado.
[2024-03-15 17:11:27] Cierre de la partida.
[2024-03-15 17:11:27] Sistema guardado.
[2024-03-15 20:05:12] Sistema cargado
[2024-03-15 20:05:13] Inicio de la simulaci칩n partida.
[2024-03-15 20:05:13] Piscifactor칤a inicial: pisc1.
[2024-03-15 20:05:13] Sistema guardado.
[2024-03-15 20:05:16] Cierre de la partida.
[2024-03-15 20:05:16] Sistema guardado.
[2024-03-15 20:55:42] Sistema cargado
[2024-03-15 20:55:43] Inicio de la simulaci칩n partida.
[2024-03-15 20:55:43] Piscifactor칤a inicial: pisc1.
[2024-03-15 20:55:43] Sistema guardado.
[2024-03-15 20:55:52] Fin del dia 7
[2024-03-15 20:56:42] Sistema cargado
[2024-03-15 20:56:42] Inicio de la simulaci칩n partida.
[2024-03-15 20:56:42] Piscifactor칤a inicial: pisc1.
[2024-03-15 20:56:42] Sistema guardado.
[2024-03-15 20:56:49] Fin del dia 7
[2024-03-15 20:57:14] Sistema cargado
[2024-03-15 20:57:14] Inicio de la simulaci칩n partida.
[2024-03-15 20:57:14] Piscifactor칤a inicial: pisc1.
[2024-03-15 20:57:14] Sistema guardado.
[2024-03-15 20:57:16] Fin del dia 7
[2024-03-15 20:57:16] Sistema guardado.
[2024-03-15 20:57:58] Cierre de la partida.
[2024-03-15 20:57:58] Sistema guardado.
[2024-03-15 21:06:52] Sistema cargado
[2024-03-15 21:06:52] Inicio de la simulaci칩n partida.
[2024-03-15 21:06:52] Piscifactor칤a inicial: pisc1.
[2024-03-15 21:06:52] Sistema guardado.
[2024-03-15 21:06:56] Fin del dia 8
[2024-03-15 21:06:56] Sistema guardado.
[2024-03-15 21:06:57] Fin del dia 9
[2024-03-15 21:06:57] Sistema guardado.
[2024-03-15 21:07:01] Cierre de la partida.
[2024-03-15 21:07:01] Sistema guardado.
[2024-03-15 21:09:32] Sistema cargado
[2024-03-15 21:09:32] Inicio de la simulaci칩n partida.
[2024-03-15 21:09:32] Piscifactor칤a inicial: pisc1.
[2024-03-15 21:09:32] Sistema guardado.
[2024-03-15 21:09:40] Fin del dia 10
[2024-03-15 21:09:40] Sistema guardado.
[2024-03-15 21:09:41] Fin del dia 11
[2024-03-15 21:10:43] Sistema guardado.
[2024-03-15 21:11:01] Sistema cargado
[2024-03-15 21:11:01] Inicio de la simulaci칩n partida.
[2024-03-15 21:11:01] Piscifactor칤a inicial: pisc1.
[2024-03-15 21:11:01] Sistema guardado.
[2024-03-15 21:11:06] Fin del dia 12
[2024-03-15 21:11:06] Sistema guardado.
[2024-03-15 21:11:07] Fin del dia 13
[2024-03-15 21:11:07] Sistema guardado.
[2024-03-15 21:11:27] Cierre de la partida.
[2024-03-15 21:11:27] Sistema guardado.
[2024-03-15 21:13:27] Sistema cargado
[2024-03-15 21:13:27] Inicio de la simulaci칩n partida.
[2024-03-15 21:13:27] Piscifactor칤a inicial: pisc1.
[2024-03-15 21:13:27] Sistema guardado.
[2024-03-15 21:13:32] Fin del dia 14
[2024-03-15 21:13:32] Sistema guardado.
[2024-03-15 21:13:33] Fin del dia 15
[2024-03-15 21:13:33] Sistema guardado.
[2024-03-15 21:13:51] Fin del dia 16
[2024-03-15 21:13:51] Sistema guardado.
[2024-03-15 21:13:51] Fin del dia 17
[2024-03-15 21:13:51] Sistema guardado.
[2024-03-15 21:14:22] Cierre de la partida.
[2024-03-15 21:14:22] Sistema guardado.
[2024-03-15 21:32:28] Sistema cargado
[2024-03-15 21:32:28] Inicio de la simulaci칩n partida.
[2024-03-15 21:32:28] Piscifactor칤a inicial: pisc1.
[2024-03-15 21:32:28] Sistema guardado.
[2024-03-15 21:32:32] Fin del dia 18
[2024-03-15 21:32:32] Sistema guardado.
[2024-03-15 21:32:33] Fin del dia 19
[2024-03-15 21:33:32] Sistema cargado
[2024-03-15 21:33:32] Inicio de la simulaci칩n partida.
[2024-03-15 21:33:32] Piscifactor칤a inicial: pisc1.
[2024-03-15 21:33:32] Sistema guardado.
[2024-03-15 21:33:59] Fin del dia 19
[2024-03-15 21:33:59] Sistema guardado.
[2024-03-15 21:33:59] Fin del dia 20
[2024-03-15 21:33:59] Sistema guardado.
[2024-03-15 21:34:12] Cierre de la partida.
[2024-03-15 21:34:12] Sistema guardado.
[2024-03-15 21:34:26] Inicio de la simulaci칩n partida.
[2024-03-15 21:34:26] Piscifactor칤a inicial: pisc1.
[2024-03-15 21:34:26] Sistema guardado.
[2024-03-15 21:34:36] A침adidas monedas mediante la opci칩n oculta.
[2024-03-15 21:34:42] Carpa plateada (H) comprado. A침adido al tanque 1 de la piscifactor칤a pisc1
[2024-03-15 21:34:45] Carpa plateada (M) comprado. A침adido al tanque 1 de la piscifactor칤a pisc1
[2024-03-15 21:34:52] Carpa plateada (H) comprado. A침adido al tanque 1 de la piscifactor칤a pisc1
[2024-03-15 21:34:56] Fin del dia 1
[2024-03-15 21:34:56] Fin del dia 2
[2024-03-15 21:34:56] Fin del dia 3
[2024-03-15 21:35:12] Cierre de la partida.
[2024-03-15 21:35:12] Sistema guardado.
[2024-03-15 21:35:17] Sistema cargado
[2024-03-15 21:35:17] Inicio de la simulaci칩n partida.
[2024-03-15 21:35:17] Piscifactor칤a inicial: pisc1.
[2024-03-15 21:35:17] Sistema guardado.
[2024-03-15 21:41:54] Sistema cargado
[2024-03-15 21:41:54] Inicio de la simulaci칩n partida.
[2024-03-15 21:41:54] Piscifactor칤a inicial: pisc1.
[2024-03-15 21:41:54] Sistema guardado.
[2024-03-15 21:42:02] Cierre de la partida.
[2024-03-15 21:42:02] Sistema guardado.
[2024-03-15 21:42:17] Sistema cargado
[2024-03-15 21:42:17] Inicio de la simulaci칩n partida.
[2024-03-15 21:42:17] Piscifactor칤a inicial: pisc1.
[2024-03-15 21:42:17] Sistema guardado.
[2024-03-15 21:43:02] Cierre de la partida.
[2024-03-15 21:43:02] Sistema guardado.
[2024-03-15 22:14:39] Sistema cargado
[2024-03-15 22:14:39] Inicio de la simulaci칩n partida.
[2024-03-15 22:14:39] Piscifactor칤a inicial: pisc1.
[2024-03-15 22:14:39] Sistema guardado.
[2024-03-15 22:14:55] Cierre de la partida.
[2024-03-15 22:14:55] Sistema guardado.
[2024-03-16 00:10:30] Sistema cargado
[2024-03-16 00:10:32] Inicio de la simulaci칩n partida.
[2024-03-16 00:10:32] Piscifactor칤a inicial: pisc1.
[2024-03-16 00:10:32] Sistema guardado.
[2024-03-16 00:10:35] Cierre de la partida.
[2024-03-16 00:10:35] Sistema guardado.
[2024-03-16 00:11:37] Sistema cargado
[2024-03-16 00:11:39] Inicio de la simulaci칩n partida.
[2024-03-16 00:11:39] Piscifactor칤a inicial: pisc1.
[2024-03-16 00:11:39] Sistema guardado.
[2024-03-16 00:11:45] Fin del dia 4
[2024-03-16 00:11:45] Sistema guardado.
[2024-03-16 00:11:47] Fin del dia 5
[2024-03-16 00:11:47] Sistema guardado.
[2024-03-16 00:14:38] Sistema cargado
[2024-03-16 00:14:40] Inicio de la simulaci칩n partida.
[2024-03-16 00:14:40] Piscifactor칤a inicial: pisc1.
[2024-03-16 00:14:40] Sistema guardado.
[2024-03-16 00:15:31] Sistema cargado
[2024-03-16 00:15:33] Inicio de la simulaci칩n partida.
[2024-03-16 00:15:33] Piscifactor칤a inicial: pisc1.
[2024-03-16 00:15:33] Sistema guardado.
[2024-03-16 00:16:06] Cierre de la partida.
[2024-03-16 00:16:06] Sistema guardado.
[2024-03-16 00:16:16] Sistema cargado
[2024-03-16 00:16:18] Inicio de la simulaci칩n partida.
[2024-03-16 00:16:18] Piscifactor칤a inicial: pisc1.
[2024-03-16 00:16:18] Sistema guardado.
[2024-03-17 00:29:28] Sistema cargado
[2024-03-17 00:29:31] Inicio de la simulaci칩n partida.
[2024-03-17 00:29:31] Piscifactor칤a inicial: pisc1.
[2024-03-17 00:29:31] Sistema guardado.
[2024-03-17 00:29:49] Fin del dia 6
[2024-03-17 00:29:49] Sistema guardado.
[2024-03-17 00:29:51] Fin del dia 7
[2024-03-17 00:29:51] Sistema guardado.
[2024-03-17 00:30:22] Fin del dia 8
[2024-03-17 00:30:22] Sistema guardado.
[2024-03-17 00:30:22] Fin del dia 9
[2024-03-17 00:30:22] Sistema guardado.
[2024-03-17 00:30:33] Cierre de la partida.
[2024-03-17 00:30:33] Sistema guardado.
[2024-03-17 00:36:03] Sistema cargado
[2024-03-17 00:36:06] Inicio de la simulaci칩n partida.
[2024-03-17 00:36:06] Piscifactor칤a inicial: pisc1.
[2024-03-17 00:36:06] Sistema guardado.
[2024-03-17 00:36:32] Cierre de la partida.
[2024-03-17 00:36:32] Sistema guardado.
[2024-03-17 00:39:03] Sistema cargado
[2024-03-17 00:39:05] Inicio de la simulaci칩n partida.
[2024-03-17 00:39:05] Piscifactor칤a inicial: pisc1.
[2024-03-17 00:39:05] Sistema guardado.
[2024-03-17 00:39:51] Sistema cargado
[2024-03-17 00:39:53] Inicio de la simulaci칩n partida.
[2024-03-17 00:39:53] Piscifactor칤a inicial: pisc1.
[2024-03-17 00:39:53] Sistema guardado.
[2024-03-17 00:40:02] Cierre de la partida.
[2024-03-17 00:40:02] Sistema guardado.
[2024-03-17 00:45:14] Sistema cargado
[2024-03-17 00:45:16] Inicio de la simulaci칩n partida.
[2024-03-17 00:45:16] Piscifactor칤a inicial: pisc1.
[2024-03-17 00:45:16] Sistema guardado.
[2024-03-17 00:46:01] Sistema cargado
[2024-03-17 00:46:03] Inicio de la simulaci칩n partida.
[2024-03-17 00:46:03] Piscifactor칤a inicial: pisc1.
[2024-03-17 00:46:03] Sistema guardado.
[2024-03-17 00:46:21] Cierre de la partida.
[2024-03-17 00:46:21] Sistema guardado.
[2024-03-17 00:54:18] Sistema cargado
[2024-03-17 00:54:20] Inicio de la simulaci칩n partida.
[2024-03-17 00:54:20] Piscifactor칤a inicial: pisc1.
[2024-03-17 00:54:20] Sistema guardado.
[2024-03-17 00:54:44] Cierre de la partida.
[2024-03-17 00:54:44] Sistema guardado.
[2024-03-17 01:02:55] Sistema cargado
[2024-03-17 01:02:57] Inicio de la simulaci칩n partida.
[2024-03-17 01:02:57] Piscifactor칤a inicial: pisc1.
[2024-03-17 01:02:57] Sistema guardado.
[2024-03-17 01:12:44] Sistema cargado
[2024-03-17 01:12:46] Inicio de la simulaci칩n partida.
[2024-03-17 01:12:46] Piscifactor칤a inicial: pisc1.
[2024-03-17 01:12:46] Sistema guardado.
[2024-03-17 01:13:00] A침adidas monedas mediante la opci칩n oculta.
[2024-03-17 01:13:06] Carpa plateada (H) comprado. A침adido al tanque 1 de la piscifactor칤a pisc1
[2024-03-17 01:13:17] Cierre de la partida.
[2024-03-17 01:13:17] Sistema guardado.
[2024-03-17 01:19:59] Sistema cargado
[2024-03-17 01:20:01] Inicio de la simulaci칩n partida.
[2024-03-17 01:20:01] Piscifactor칤a inicial: pisc1.
[2024-03-17 01:20:01] Sistema guardado.
[2024-03-17 01:20:27] Limpiado el tanque 1 de la piscifactoria pisc1
[2024-03-17 01:20:34] Vaciado el tanque 1 de la piscifactoria pisc1
[2024-03-17 01:20:57] Tilapia del Nilo (H) comprado. A침adido al tanque 1 de la piscifactor칤a pisc1
[2024-03-17 01:21:09] Cierre de la partida.
[2024-03-17 01:21:09] Sistema guardado.
[2024-03-17 01:21:19] Sistema cargado
[2024-03-17 01:21:21] Inicio de la simulaci칩n partida.
[2024-03-17 01:21:21] Piscifactor칤a inicial: pisc1.
[2024-03-17 01:21:21] Sistema guardado.
[2024-03-17 01:21:23] Cierre de la partida.
[2024-03-17 01:21:23] Sistema guardado.
[2024-03-17 01:49:23] Sistema cargado
[2024-03-17 01:49:24] Inicio de la simulaci칩n partida.
[2024-03-17 01:49:24] Piscifactor칤a inicial: pisc1.
[2024-03-17 01:49:24] Sistema guardado.
[2024-03-17 01:49:43] A침adidas monedas mediante la opci칩n oculta.
[2024-03-17 01:49:47] Tilapia del Nilo (M) comprado. A침adido al tanque 1 de la piscifactor칤a pisc1
[2024-03-17 01:49:51] Tilapia del Nilo (H) comprado. A침adido al tanque 1 de la piscifactor칤a pisc1
[2024-03-17 01:49:57] Tilapia del Nilo (M) comprado. A침adido al tanque 1 de la piscifactor칤a pisc1
[2024-03-17 01:49:59] Fin del dia 10
[2024-03-17 01:49:59] Sistema guardado.
[2024-03-17 01:52:38] Cierre de la partida.
[2024-03-17 01:52:38] Sistema guardado.
[2024-03-17 01:52:53] Sistema cargado
[2024-03-17 01:52:55] Inicio de la simulaci칩n partida.
[2024-03-17 01:52:55] Piscifactor칤a inicial: pisc1.
[2024-03-17 01:52:55] Sistema guardado.
[2024-03-17 01:54:20] Cierre de la partida.
[2024-03-17 01:54:20] Sistema guardado.
[2024-03-17 01:54:31] Sistema cargado
[2024-03-17 01:54:33] Inicio de la simulaci칩n partida.
[2024-03-17 01:54:33] Piscifactor칤a inicial: pisc1.
[2024-03-17 01:54:33] Sistema guardado.
[2024-03-17 01:54:35] Cierre de la partida.
[2024-03-17 01:54:35] Sistema guardado.
[2024-03-17 01:54:43] Sistema cargado
[2024-03-17 01:54:45] Inicio de la simulaci칩n partida.
[2024-03-17 01:54:45] Piscifactor칤a inicial: pisc1.
[2024-03-17 01:54:45] Sistema guardado.
[2024-03-17 01:54:47] Cierre de la partida.
[2024-03-17 01:54:47] Sistema guardado.
[2024-03-17 12:31:58] Sistema cargado
[2024-03-17 12:42:58] Sistema cargado
[2024-03-17 12:43:00] Inicio de la simulaci칩n partida.
[2024-03-17 12:43:00] Piscifactor칤a inicial: pisc1.
[2024-03-17 12:43:00] Sistema guardado.
[2024-03-17 12:43:37] A침adidas monedas mediante la opci칩n oculta.
[2024-03-17 12:43:48] Fin del dia 11
[2024-03-17 12:43:48] Sistema guardado.
[2024-03-17 12:44:26] Comprada la piscifactoria de mar 2
[2024-03-17 12:44:33] Trucha arco칤ris (H) comprado. A침adido al tanque 1 de la piscifactor칤a piscmar
[2024-03-17 12:44:41] Trucha arco칤ris (M) comprado. A침adido al tanque 1 de la piscifactor칤a piscmar
[2024-03-17 12:44:46] Trucha arco칤ris (H) comprado. A침adido al tanque 1 de la piscifactor칤a piscmar
[2024-03-17 12:45:08] Fin del dia 12
[2024-03-17 12:45:08] Sistema guardado.
[2024-03-17 12:45:15] Fin del dia 13
[2024-03-17 12:45:15] Sistema guardado.
[2024-03-17 12:47:59] Cierre de la partida.
[2024-03-17 12:47:59] Sistema guardado.
[2024-03-17 12:48:08] Sistema cargado
[2024-03-17 12:48:10] Inicio de la simulaci칩n partida.
[2024-03-17 12:48:10] Piscifactor칤a inicial: pisc1.
[2024-03-17 12:48:10] Sistema guardado.
[2024-03-17 12:48:31] A침adidas monedas mediante la opci칩n oculta.
[2024-03-17 12:48:38] Trucha arco칤ris (H) comprado. A침adido al tanque 1 de la piscifactor칤a piscmar
[2024-03-17 12:48:43] Trucha arco칤ris (M) comprado. A침adido al tanque 1 de la piscifactor칤a piscmar
[2024-03-17 12:48:46] Trucha arco칤ris (H) comprado. A침adido al tanque 1 de la piscifactor칤a piscmar
[2024-03-17 12:48:52] Trucha arco칤ris (M) comprado. A침adido al tanque 1 de la piscifactor칤a piscmar
[2024-03-17 12:48:56] Trucha arco칤ris (H) comprado. A침adido al tanque 1 de la piscifactor칤a piscmar
[2024-03-17 12:49:06] Trucha arco칤ris (M) comprado. A침adido al tanque 1 de la piscifactor칤a piscmar
[2024-03-17 12:50:15] Cierre de la partida.
[2024-03-17 12:50:15] Sistema guardado.
[2024-03-17 12:50:20] Sistema cargado
[2024-03-17 12:50:22] Inicio de la simulaci칩n partida.
[2024-03-17 12:50:22] Piscifactor칤a inicial: pisc1.
[2024-03-17 12:50:22] Sistema guardado.
[2024-03-17 12:50:34] Trucha arco칤ris (H) comprado. A침adido al tanque 1 de la piscifactor칤a piscmar
[2024-03-17 12:50:38] Trucha arco칤ris (M) comprado. A침adido al tanque 1 de la piscifactor칤a piscmar
[2024-03-17 12:50:41] Trucha arco칤ris (H) comprado. A침adido al tanque 1 de la piscifactor칤a piscmar
[2024-03-17 12:50:48] Fin del dia 14
[2024-03-17 12:50:48] Sistema guardado.
[2024-03-17 12:50:53] Fin del dia 15
[2024-03-17 12:50:53] Sistema guardado.
[2024-03-17 12:52:10] Cierre de la partida.
[2024-03-17 12:52:10] Sistema guardado.
[2024-03-17 13:03:33] Sistema cargado
[2024-03-17 13:03:35] Inicio de la simulaci칩n partida.
[2024-03-17 13:03:35] Piscifactor칤a inicial: pisc1.
[2024-03-17 13:03:35] Sistema guardado.
[2024-03-17 13:03:45] Trucha arco칤ris (H) comprado. A침adido al tanque 1 de la piscifactor칤a piscmar
[2024-03-17 13:03:54] Fin del dia 16
[2024-03-17 13:03:54] Sistema guardado.
[2024-03-17 13:03:56] Fin del dia 17
[2024-03-17 13:03:56] Sistema guardado.
[2024-03-17 13:07:57] Trucha arco칤ris (H) comprado. A침adido al tanque 1 de la piscifactor칤a piscmar
[2024-03-17 13:08:01] Trucha arco칤ris (M) comprado. A침adido al tanque 1 de la piscifactor칤a piscmar
[2024-03-17 13:08:47] Fin del dia 18
[2024-03-17 13:08:47] Sistema guardado.
[2024-03-17 13:08:49] Fin del dia 19
[2024-03-17 13:08:49] Sistema guardado.
[2024-03-17 13:08:57] Recompensa creada.
[2024-03-17 13:08:57] Recompensa recibida por completar pedido.
[2024-03-17 13:11:09] Cierre de la partida.
[2024-03-17 13:11:09] Sistema guardado.
[2024-03-17 13:11:17] Sistema cargado
[2024-03-17 13:11:19] Inicio de la simulaci칩n partida.
[2024-03-17 13:11:19] Piscifactor칤a inicial: pisc1.
[2024-03-17 13:11:19] Sistema guardado.
[2024-03-17 13:16:15] Cierre de la partida.
[2024-03-17 13:16:15] Sistema guardado.
[2024-03-17 13:16:21] Sistema cargado
[2024-03-17 13:16:22] Inicio de la simulaci칩n partida.
[2024-03-17 13:16:22] Piscifactor칤a inicial: pisc1.
[2024-03-17 13:16:22] Sistema guardado.
[2024-03-17 13:20:13] Cierre de la partida.
[2024-03-17 13:20:13] Sistema guardado.
[2024-03-17 13:23:55] Sistema cargado
[2024-03-17 13:23:57] Inicio de la simulaci칩n partida.
[2024-03-17 13:23:57] Piscifactor칤a inicial: pisc1.
[2024-03-17 13:23:57] Sistema guardado.
[2024-03-17 13:24:15] Sistema cargado
[2024-03-17 13:24:17] Inicio de la simulaci칩n partida.
[2024-03-17 13:24:17] Piscifactor칤a inicial: pisc1.
[2024-03-17 13:24:17] Sistema guardado.
[2024-03-17 13:24:23] Cierre de la partida.
[2024-03-17 13:24:23] Sistema guardado.
[2024-03-17 13:24:29] Sistema cargado
[2024-03-17 13:24:31] Inicio de la simulaci칩n partida.
[2024-03-17 13:24:31] Piscifactor칤a inicial: pisc1.
[2024-03-17 13:24:31] Sistema guardado.
[2024-03-17 13:24:54] Caballa (H) comprado. A침adido al tanque 1 de la piscifactor칤a piscmar
[2024-03-17 13:25:00] Caballa (M) comprado. A침adido al tanque 1 de la piscifactor칤a piscmar
[2024-03-17 13:25:03] Caballa (H) comprado. A침adido al tanque 1 de la piscifactor칤a piscmar
[2024-03-17 13:25:05] Caballa (M) comprado. A침adido al tanque 1 de la piscifactor칤a piscmar
[2024-03-17 13:25:08] Caballa (H) comprado. A침adido al tanque 1 de la piscifactor칤a piscmar
[2024-03-17 13:25:18] Fin del dia 20
[2024-03-17 13:25:18] Sistema guardado.
[2024-03-17 13:25:20] Fin del dia 21
[2024-03-17 13:25:20] Sistema guardado.
[2024-03-17 13:26:15] Caballa (H) comprado. A침adido al tanque 1 de la piscifactor칤a piscmar
[2024-03-17 13:26:17] Fin del dia 22
[2024-03-17 13:26:17] Sistema guardado.
[2024-03-17 13:26:19] Fin del dia 23
[2024-03-17 13:26:19] Sistema guardado.
[2024-03-17 13:27:03] Cierre de la partida.
[2024-03-17 13:27:03] Sistema guardado.
[2024-03-17 13:27:44] Sistema cargado
[2024-03-17 13:27:46] Inicio de la simulaci칩n partida.
[2024-03-17 13:27:46] Piscifactor칤a inicial: pisc1.
[2024-03-17 13:27:46] Sistema guardado.
[2024-03-17 13:27:50] Cierre de la partida.
[2024-03-17 13:27:50] Sistema guardado.
[2024-03-17 13:27:55] Sistema cargado
[2024-03-17 13:27:56] Inicio de la simulaci칩n partida.
[2024-03-17 13:27:56] Piscifactor칤a inicial: pisc1.
[2024-03-17 13:27:56] Sistema guardado.
[2024-03-17 13:28:00] Fin del dia 24
[2024-03-17 13:28:00] Sistema guardado.
[2024-03-17 13:28:01] Fin del dia 25
[2024-03-17 13:28:02] Sistema guardado.
[2024-03-17 13:30:51] Cierre de la partida.
[2024-03-17 13:30:51] Sistema guardado.
[2024-03-17 13:41:15] Sistema cargado
[2024-03-17 13:41:17] Inicio de la simulaci칩n partida.
[2024-03-17 13:41:17] Piscifactor칤a inicial: pisc1.
[2024-03-17 13:41:17] Sistema guardado.
[2024-03-17 13:41:30] Salm칩n atl치ntico (H) comprado. A침adido al tanque 1 de la piscifactor칤a piscmar
[2024-03-17 13:41:32] A침adidas monedas mediante la opci칩n oculta.
[2024-03-17 13:41:38] Salm칩n atl치ntico (M) comprado. A침adido al tanque 1 de la piscifactor칤a piscmar
[2024-03-17 13:41:41] Salm칩n atl치ntico (H) comprado. A침adido al tanque 1 de la piscifactor칤a piscmar
[2024-03-17 13:41:45] Salm칩n atl치ntico (M) comprado. A침adido al tanque 1 de la piscifactor칤a piscmar
[2024-03-17 13:42:30] Fin del dia 26
[2024-03-17 13:42:30] Sistema guardado.
[2024-03-17 13:42:33] Fin del dia 27
[2024-03-17 13:42:33] Sistema guardado.
[2024-03-17 13:42:34] Fin del dia 28
[2024-03-17 13:42:34] Sistema guardado.
[2024-03-17 13:43:02] Recompensa creada.
[2024-03-17 13:43:02] Recompensa recibida por completar pedido.
[2024-03-17 13:43:20] Recompensa monedas_1.xml usada
[2024-03-17 13:43:25] Recompensa comida_1.xml usada
[2024-03-17 13:43:30] Cierre de la partida.
[2024-03-17 13:43:30] Sistema guardado.
[2024-03-17 17:30:49] Sistema cargado
[2024-03-17 17:30:51] Inicio de la simulaci칩n partida.
[2024-03-17 17:30:51] Piscifactor칤a inicial: pisc1.
[2024-03-17 17:30:51] Sistema guardado.
[2024-03-17 17:42:35] Sistema cargado
[2024-03-17 17:42:37] Inicio de la simulaci칩n partida.
[2024-03-17 17:42:37] Piscifactor칤a inicial: pisc1.
[2024-03-17 17:42:37] Sistema guardado.
[2024-03-17 17:43:42] Sistema cargado
[2024-03-17 17:43:44] Inicio de la simulaci칩n partida.
[2024-03-17 17:43:44] Piscifactor칤a inicial: pisc1.
[2024-03-17 17:43:44] Sistema guardado.
[2024-03-17 17:44:34] Sistema cargado
[2024-03-17 17:44:36] Inicio de la simulaci칩n partida.
[2024-03-17 17:44:36] Piscifactor칤a inicial: pisc1.
[2024-03-17 17:44:36] Sistema guardado.
[2024-03-17 17:44:53] Fin del dia 29
[2024-03-17 17:44:53] Sistema guardado.
[2024-03-17 17:45:35] Limpiado el tanque 1 de la piscifactoria piscmar
[2024-03-17 17:45:48] Caballa (H) comprado. A침adido al tanque 1 de la piscifactor칤a piscmar
[2024-03-17 17:45:50] Cierre de la partida.
[2024-03-17 17:45:50] Sistema guardado.
[2024-03-17 17:46:20] Sistema cargado
[2024-03-17 17:46:22] Inicio de la simulaci칩n partida.
[2024-03-17 17:46:22] Piscifactor칤a inicial: pisc1.
[2024-03-17 17:46:22] Sistema guardado.
[2024-03-17 17:46:53] Sistema cargado
[2024-03-17 17:46:55] Inicio de la simulaci칩n partida.
[2024-03-17 17:46:55] Piscifactor칤a inicial: pisc1.
[2024-03-17 17:46:55] Sistema guardado.
[2024-03-17 17:47:10] Caballa (M) comprado. A침adido al tanque 1 de la piscifactor칤a piscmar
[2024-03-17 17:47:13] Caballa (H) comprado. A침adido al tanque 1 de la piscifactor칤a piscmar
[2024-03-17 17:47:15] Caballa (M) comprado. A침adido al tanque 1 de la piscifactor칤a piscmar
[2024-03-17 17:47:17] Caballa (H) comprado. A침adido al tanque 1 de la piscifactor칤a piscmar
[2024-03-17 17:47:19] Caballa (M) comprado. A침adido al tanque 1 de la piscifactor칤a piscmar
[2024-03-17 17:47:25] Fin del dia 30
[2024-03-17 17:47:25] Sistema guardado.
[2024-03-17 17:47:26] Fin del dia 31
[2024-03-17 17:47:26] Sistema guardado.
[2024-03-17 17:47:42] Cierre de la partida.
[2024-03-17 17:47:42] Sistema guardado.
[2024-03-17 17:57:17] Sistema cargado
[2024-03-17 17:57:19] Inicio de la simulaci칩n partida.
[2024-03-17 17:57:19] Piscifactor칤a inicial: pisc1.
[2024-03-17 17:57:19] Sistema guardado.
[2024-03-17 17:57:25] Fin del dia 32
[2024-03-17 17:57:25] Sistema guardado.
[2024-03-17 17:57:25] Fin del dia 33
[2024-03-17 17:57:25] Sistema guardado.
[2024-03-17 17:57:27] Fin del dia 34
[2024-03-17 17:57:27] Sistema guardado.
[2024-03-17 17:57:27] Fin del dia 35
[2024-03-17 17:57:27] Sistema guardado.
[2024-03-17 17:57:45] Fin del dia 36
[2024-03-17 17:57:45] Sistema guardado.
[2024-03-17 17:57:45] Fin del dia 37
[2024-03-17 17:57:46] Sistema guardado.
[2024-03-17 17:58:27] A침adidas monedas mediante la opci칩n oculta.
[2024-03-17 17:58:30] Caballa (H) comprado. A침adido al tanque 1 de la piscifactor칤a piscmar
[2024-03-17 17:58:33] Caballa (M) comprado. A침adido al tanque 1 de la piscifactor칤a piscmar
[2024-03-17 17:58:34] Caballa (H) comprado. A침adido al tanque 1 de la piscifactor칤a piscmar
[2024-03-17 17:58:38] Fin del dia 38
[2024-03-17 17:58:38] Sistema guardado.
[2024-03-17 17:58:39] Fin del dia 39
[2024-03-17 17:58:39] Sistema guardado.
[2024-03-17 17:59:28] Caballa (H) comprado. A침adido al tanque 1 de la piscifactor칤a piscmar
[2024-03-17 17:59:31] Caballa (M) comprado. A침adido al tanque 1 de la piscifactor칤a piscmar
[2024-03-17 17:59:33] Caballa (H) comprado. A침adido al tanque 1 de la piscifactor칤a piscmar
[2024-03-17 17:59:35] Caballa (M) comprado. A침adido al tanque 1 de la piscifactor칤a piscmar
[2024-03-17 17:59:38] Fin del dia 40
[2024-03-17 17:59:38] Sistema guardado.
[2024-03-17 17:59:40] Fin del dia 41
[2024-03-17 17:59:40] Sistema guardado.
[2024-03-17 17:59:59] Caballa (H) comprado. A침adido al tanque 1 de la piscifactor칤a piscmar
[2024-03-17 18:00:01] Fin del dia 42
[2024-03-17 18:00:01] Sistema guardado.
[2024-03-17 18:00:01] Fin del dia 43
[2024-03-17 18:00:01] Sistema guardado.
[2024-03-17 18:00:07] Recompensa creada.
[2024-03-17 18:00:07] Recompensa recibida por completar pedido.
[2024-03-17 18:00:16] Cierre de la partida.
[2024-03-17 18:00:16] Sistema guardado.
[2024-03-17 18:07:00] Sistema cargado
[2024-03-17 18:07:02] Inicio de la simulaci칩n partida.
[2024-03-17 18:07:02] Piscifactor칤a inicial: pisc1.
[2024-03-17 18:07:02] Sistema guardado.
[2024-03-17 18:08:27] Cierre de la partida.
[2024-03-17 18:08:27] Sistema guardado.
[2024-03-17 18:24:51] Sistema cargado
[2024-03-17 18:24:53] Inicio de la simulaci칩n partida.
[2024-03-17 18:24:53] Piscifactor칤a inicial: pisc1.
[2024-03-17 18:24:53] Sistema guardado.
[2024-03-17 18:25:05] Fin del dia 44
[2024-03-17 18:25:05] Sistema guardado.
[2024-03-17 18:25:05] Fin del dia 45
[2024-03-17 18:25:05] Sistema guardado.
[2024-03-17 18:30:36] Cierre de la partida.
[2024-03-17 18:30:36] Sistema guardado.
[2024-03-17 18:30:45] Sistema cargado
[2024-03-17 18:30:47] Inicio de la simulaci칩n partida.
[2024-03-17 18:30:47] Piscifactor칤a inicial: pisc1.
[2024-03-17 18:30:47] Sistema guardado.
[2024-03-17 18:30:50] Fin del dia 46
[2024-03-17 18:30:50] Sistema guardado.
[2024-03-17 18:30:53] Fin del dia 47
[2024-03-17 18:30:53] Generado el pedido con referencia 23
[2024-03-17 18:30:53] Sistema guardado.
[2024-03-17 18:30:58] Cierre de la partida.
[2024-03-17 18:30:58] Sistema guardado.
[2024-03-17 18:39:01] Sistema cargado
[2024-03-17 18:39:03] Inicio de la simulaci칩n partida.
[2024-03-17 18:39:03] Piscifactor칤a inicial: pisc1.
[2024-03-17 18:39:03] Sistema guardado.
[2024-03-17 18:39:43] Lubina rayada (H) comprado. A침adido al tanque 1 de la piscifactor칤a piscmar
[2024-03-17 18:39:50] Fin del dia 48
[2024-03-17 18:39:50] Sistema guardado.
[2024-03-17 18:39:51] Fin del dia 49
[2024-03-17 18:39:51] Generado el pedido con referencia 24
[2024-03-17 18:39:51] Sistema guardado.
[2024-03-17 18:39:53] Fin del dia 50
[2024-03-17 18:39:53] Sistema guardado.
[2024-03-17 18:39:53] Fin del dia 51
[2024-03-17 18:39:53] Generado el pedido con referencia 25
[2024-03-17 18:39:53] Sistema guardado.
[2024-03-17 18:39:54] Fin del dia 52
[2024-03-17 18:39:54] Sistema guardado.
[2024-03-17 18:40:11] Recompensa creada.
[2024-03-17 18:40:11] Recompensa recibida por completar pedido.
[2024-03-17 18:40:11] Pedido de Lubina rayada con referencia 22 enviado.
[2024-03-17 18:40:22] Cierre de la partida.
[2024-03-17 18:40:22] Sistema guardado.
[2024-03-17 18:42:58] Sistema cargado
[2024-03-17 18:42:59] Inicio de la simulaci칩n partida.
[2024-03-17 18:42:59] Piscifactor칤a inicial: pisc1.
[2024-03-17 18:43:00] Sistema guardado.
[2024-03-17 18:43:23] Fin del dia 53
[2024-03-17 18:43:23] Generado el pedido con referencia 26
[2024-03-17 18:43:23] Sistema guardado.
[2024-03-17 18:43:24] Fin del dia 54
[2024-03-17 18:43:24] Sistema guardado.
[2024-03-17 18:43:43] A침adidas monedas mediante la opci칩n oculta.
[2024-03-17 18:43:46] Arenque del Atl치ntico (H) comprado. A침adido al tanque 1 de la piscifactor칤a piscmar
[2024-03-17 18:43:53] Fin del dia 55
[2024-03-17 18:43:53] Generado el pedido con referencia 27
[2024-03-17 18:43:53] Sistema guardado.
[2024-03-17 18:43:53] Fin del dia 56
[2024-03-17 18:43:53] Sistema guardado.
[2024-03-17 18:43:54] Fin del dia 57
[2024-03-17 18:43:54] Generado el pedido con referencia 28
[2024-03-17 18:43:54] Sistema guardado.
[2024-03-17 18:43:55] Fin del dia 58
[2024-03-17 18:43:55] Sistema guardado.
[2024-03-17 18:43:57] Fin del dia 59
[2024-03-17 18:43:57] Generado el pedido con referencia 29
[2024-03-17 18:43:57] Sistema guardado.
[2024-03-17 18:44:08] Enviados 1 peces al pedido de Arenque del Atl치ntico con referencia 26.
[2024-03-17 18:44:15] Cierre de la partida.
[2024-03-17 18:44:15] Sistema guardado.
[2024-03-17 22:05:22] Sistema cargado
[2024-03-17 22:05:24] Inicio de la simulaci칩n partida.
[2024-03-17 22:05:24] Piscifactor칤a inicial: pisc1.
[2024-03-17 22:05:24] Sistema guardado.
[2024-03-17 22:05:53] Cierre de la partida.
[2024-03-17 22:05:53] Sistema guardado.
[2024-03-17 22:06:11] Inicio de la simulaci칩n partida.
[2024-03-17 22:06:11] Piscifactor칤a inicial: pisc1.
[2024-03-17 22:06:11] Sistema guardado.
[2024-03-17 22:06:13] Cierre de la partida.
[2024-03-17 22:06:13] Sistema guardado.
[2024-03-17 22:06:19] Sistema cargado
[2024-03-17 22:06:20] Inicio de la simulaci칩n partida.
[2024-03-17 22:06:20] Piscifactor칤a inicial: pisc1.
[2024-03-17 22:06:20] Sistema guardado.
[2024-03-17 22:06:28] Carpa plateada (H) comprado. A침adido al tanque 1 de la piscifactor칤a pisc1
[2024-03-17 22:06:30] Cierre de la partida.
[2024-03-17 22:06:30] Sistema guardado.
[2024-03-17 22:06:35] Sistema cargado
[2024-03-17 22:06:38] Inicio de la simulaci칩n partida.
[2024-03-17 22:06:38] Piscifactor칤a inicial: pisc1.
[2024-03-17 22:06:38] Sistema guardado.
[2024-03-17 22:07:46] Fin del dia 1
[2024-03-17 22:07:46] Sistema guardado.
[2024-03-17 22:10:05] A침adidas monedas mediante la opci칩n oculta.
[2024-03-17 22:10:10] Carpa plateada (M) comprado. A침adido al tanque 1 de la piscifactor칤a pisc1
[2024-03-17 22:10:14] Fin del dia 2
[2024-03-17 22:10:14] Fin del dia 3
[2024-03-17 22:10:14] Fin del dia 4
[2024-03-17 22:18:10] A침adidas monedas mediante la opci칩n oculta.
[2024-03-17 22:18:28] Comprada la piscifactoria de mar 2
[2024-03-17 22:18:32] A침adidas monedas mediante la opci칩n oculta.
[2024-03-17 22:18:33] A침adidas monedas mediante la opci칩n oculta.
[2024-03-17 22:18:44] Arenque del Atl치ntico (H) comprado. A침adido al tanque 1 de la piscifactor칤a piscmar
[2024-03-17 22:18:47] Arenque del Atl치ntico (M) comprado. A침adido al tanque 1 de la piscifactor칤a piscmar
[2024-03-17 22:18:50] Arenque del Atl치ntico (H) comprado. A침adido al tanque 1 de la piscifactor칤a piscmar
[2024-03-17 22:18:53] Arenque del Atl치ntico (M) comprado. A침adido al tanque 1 de la piscifactor칤a piscmar
[2024-03-17 22:18:56] Fin del dia 5
[2024-03-17 22:18:56] Sistema guardado.
[2024-03-17 22:18:58] Fin del dia 6
[2024-03-17 22:18:58] Sistema guardado.
[2024-03-17 22:18:59] Fin del dia 7
[2024-03-17 22:18:59] Sistema guardado.
[2024-03-17 22:19:00] Fin del dia 8
[2024-03-17 22:19:00] Sistema guardado.
[2024-03-17 22:19:01] Fin del dia 9
[2024-03-17 22:19:01] Generado el pedido con referencia 30
[2024-03-17 22:19:01] Sistema guardado.
[2024-03-17 22:19:04] Cierre de la partida.
[2024-03-17 22:19:04] Sistema guardado.
[2024-03-17 22:19:09] Sistema cargado
[2024-03-17 22:19:10] Inicio de la simulaci칩n partida.
[2024-03-17 22:19:10] Piscifactor칤a inicial: pisc1.
[2024-03-17 22:19:10] Sistema guardado.
[2024-03-17 22:19:29] Enviados 4 peces al pedido de Arenque del Atl치ntico con referencia 26.
[2024-03-17 22:22:20] Cierre de la partida.
[2024-03-17 22:22:20] Sistema guardado.
[2024-03-18 15:59:03] Sistema cargado
[2024-03-18 15:59:04] Inicio de la simulaci蚤 partida.
[2024-03-18 15:59:04] Piscifactor眼 inicial: pisc1.
[2024-03-18 15:59:04] Sistema guardado.
[2024-03-18 16:00:19] Cierre de la partida.
[2024-03-18 16:00:19] Sistema guardado.
[2024-03-18 16:02:31] Sistema cargado
[2024-03-18 16:03:17] Sistema cargado
[2024-03-18 16:03:39] Inicio de la simulaci蚤 partida.
[2024-03-18 16:03:39] Piscifactor眼 inicial: pisc1.
[2024-03-18 16:03:39] Sistema guardado.
[2024-03-18 16:03:44] A人didas monedas mediante la opci蚤 oculta.
[2024-03-18 16:03:45] A人didas monedas mediante la opci蚤 oculta.
[2024-03-18 16:04:03] Cierre de la partida.
[2024-03-18 16:04:03] Sistema guardado.
[2024-03-18 16:04:06] Sistema cargado
[2024-03-18 16:05:02] Sistema cargado
[2024-03-18 16:07:54] Sistema cargado
[2024-03-18 16:09:50] Sistema cargado
[2024-03-18 16:11:40] Sistema cargado
[2024-03-18 16:14:23] Sistema cargado
[2024-03-18 16:16:19] Sistema cargado
[2024-03-18 16:16:38] Sistema cargado
[2024-03-18 16:17:58] Sistema cargado
[2024-03-18 16:20:52] Sistema cargado
[2024-03-18 16:22:25] Inicio de la simulaci蚤 partida.
[2024-03-18 16:22:25] Piscifactor眼 inicial: pisc1.
[2024-03-18 16:22:25] Sistema guardado.
[2024-03-18 16:22:28] Cierre de la partida.
[2024-03-18 16:22:28] Sistema guardado.
[2024-03-18 16:22:32] Sistema cargado
[2024-03-18 16:22:33] Inicio de la simulaci蚤 partida.
[2024-03-18 16:22:33] Piscifactor眼 inicial: pisc1.
[2024-03-18 16:22:33] Sistema guardado.
[2024-03-18 16:22:56] Cierre de la partida.
[2024-03-18 16:22:56] Sistema guardado.
[2024-03-18 17:29:15] Sistema cargado
[2024-03-18 17:29:15] Inicio de la simulaci蚤 partida.
[2024-03-18 17:29:15] Piscifactor眼 inicial: pisc1.
[2024-03-18 17:29:15] Sistema guardado.
[2024-03-18 17:29:32] A人didas monedas mediante la opci蚤 oculta.
[2024-03-18 17:29:33] A人didas monedas mediante la opci蚤 oculta.
[2024-03-18 17:30:22] Comprada la piscifactoria de mar 2
[2024-03-18 17:30:24] A人didas monedas mediante la opci蚤 oculta.
[2024-03-18 17:30:34] Cierre de la partida.
[2024-03-18 17:30:34] Sistema guardado.
[2024-03-18 17:30:38] Sistema cargado
[2024-03-18 17:30:39] Inicio de la simulaci蚤 partida.
[2024-03-18 17:30:39] Piscifactor眼 inicial: pisc1.
[2024-03-18 17:30:39] Sistema guardado.
[2024-03-18 17:30:47] Carpa plateada (H) comprado. A人dido al tanque 1 de la piscifactor眼 pisc1
[2024-03-18 17:30:50] Carpa plateada (M) comprado. A人dido al tanque 1 de la piscifactor眼 pisc1
[2024-03-18 17:30:54] Cierre de la partida.
[2024-03-18 17:30:54] Sistema guardado.
[2024-03-18 17:30:59] Sistema cargado
[2024-03-18 17:30:59] Inicio de la simulaci蚤 partida.
[2024-03-18 17:30:59] Piscifactor眼 inicial: pisc1.
[2024-03-18 17:30:59] Sistema guardado.
[2024-03-18 17:31:07] Fin del dia 1
[2024-03-18 17:31:07] Sistema guardado.
[2024-03-18 17:31:08] Fin del dia 2
[2024-03-18 17:31:08] Sistema guardado.
[2024-03-18 17:31:44] Cierre de la partida.
[2024-03-18 17:31:44] Sistema guardado.
[2024-03-18 17:31:49] Sistema cargado
[2024-03-18 17:31:49] Inicio de la simulaci蚤 partida.
[2024-03-18 17:31:49] Piscifactor眼 inicial: pisc1.
[2024-03-18 17:31:49] Sistema guardado.
[2024-03-18 17:31:53] Cierre de la partida.
[2024-03-18 17:31:53] Sistema guardado.
[2024-03-18 17:31:59] Sistema cargado
[2024-03-18 17:31:59] Inicio de la simulaci蚤 partida.
[2024-03-18 17:31:59] Piscifactor眼 inicial: pisc1.
[2024-03-18 17:31:59] Sistema guardado.
[2024-03-18 17:32:02] Cierre de la partida.
[2024-03-18 17:32:02] Sistema guardado.
[2024-03-18 17:33:31] Sistema cargado
[2024-03-18 17:33:32] Inicio de la simulaci蚤 partida.
[2024-03-18 17:33:32] Piscifactor眼 inicial: pisc1.
[2024-03-18 17:33:32] Sistema guardado.
[2024-03-18 17:33:51] Cierre de la partida.
[2024-03-18 17:33:51] Sistema guardado.
[2024-10-08 10:20:36] Sistema cargado
[2024-10-08 10:22:54] Sistema cargado
[2024-10-08 10:22:55] Inicio de la simulaci칩n partida.
[2024-10-08 10:22:55] Piscifactor칤a inicial: pisc1.
[2024-10-08 10:22:55] Sistema guardado.
[2024-10-08 10:23:06] Cierre de la partida.
[2024-10-08 10:23:06] Sistema guardado.
[2024-10-08 10:23:12] Sistema cargado
[2024-10-08 10:23:13] Inicio de la simulaci칩n partida.
[2024-10-08 10:23:13] Piscifactor칤a inicial: pisc1.
[2024-10-08 10:23:13] Sistema guardado.
[2024-10-08 10:23:16] Cierre de la partida.
[2024-10-08 10:23:16] Sistema guardado.
